[debug] [2022-07-16T16:22:03.112Z] ----------------------------------------------------------------------
[debug] [2022-07-16T16:22:03.116Z] Command:       C:\Program Files\nodejs\node.exe C:\Users\pc\AppData\Roaming\npm\node_modules\firebase-tools\lib\bin\firebase.js deploy
[debug] [2022-07-16T16:22:03.117Z] CLI Version:   11.1.0
[debug] [2022-07-16T16:22:03.117Z] Platform:      win32
[debug] [2022-07-16T16:22:03.118Z] Node Version:  v17.4.0
[debug] [2022-07-16T16:22:03.119Z] Time:          Sat Jul 16 2022 22:22:03 GMT+0600 (Bangladesh Standard Time)
[debug] [2022-07-16T16:22:03.119Z] ----------------------------------------------------------------------
[debug] 
[debug] [2022-07-16T16:22:03.237Z] > command requires scopes: ["email","openid","https://www.googleapis.com/auth/cloudplatformprojects.readonly","https://www.googleapis.com/auth/firebase","https://www.googleapis.com/auth/cloud-platform"]
[debug] [2022-07-16T16:22:03.237Z] > authorizing via signed-in user (mohd.yasin085208@gmail.com)
[debug] [2022-07-16T16:22:03.237Z] [iam] checking project assignment-11-d8684 for permissions ["firebase.projects.get","firebasehosting.sites.update"]
[debug] [2022-07-16T16:22:03.240Z] >>> [apiv2][query] POST https://cloudresourcemanager.googleapis.com/v1/projects/assignment-11-d8684:testIamPermissions [none]
[debug] [2022-07-16T16:22:03.241Z] >>> [apiv2][body] POST https://cloudresourcemanager.googleapis.com/v1/projects/assignment-11-d8684:testIamPermissions {"permissions":["firebase.projects.get","firebasehosting.sites.update"]}
[debug] [2022-07-16T16:22:04.852Z] <<< [apiv2][status] POST https://cloudresourcemanager.googleapis.com/v1/projects/assignment-11-d8684:testIamPermissions 200
[debug] [2022-07-16T16:22:04.852Z] <<< [apiv2][body] POST https://cloudresourcemanager.googleapis.com/v1/projects/assignment-11-d8684:testIamPermissions {"permissions":["firebase.projects.get","firebasehosting.sites.update"]}
[debug] [2022-07-16T16:22:04.853Z] >>> [apiv2][query] GET https://firebase.googleapis.com/v1beta1/projects/assignment-11-d8684 [none]
[debug] [2022-07-16T16:22:06.586Z] <<< [apiv2][status] GET https://firebase.googleapis.com/v1beta1/projects/assignment-11-d8684 200
[debug] [2022-07-16T16:22:06.586Z] <<< [apiv2][body] GET https://firebase.googleapis.com/v1beta1/projects/assignment-11-d8684 {"projectId":"assignment-11-d8684","projectNumber":"357495858912","displayName":"Assignment-11","name":"projects/assignment-11-d8684","resources":{"hostingSite":"assignment-11-d8684"},"state":"ACTIVE"}
[info] 
[info] === Deploying to 'assignment-11-d8684'...
[info] 
[info] i  deploying hosting 
[debug] [2022-07-16T16:22:06.591Z] >>> [apiv2][query] GET https://firebase.googleapis.com/v1beta1/projects/assignment-11-d8684 [none]
[debug] [2022-07-16T16:22:07.090Z] <<< [apiv2][status] GET https://firebase.googleapis.com/v1beta1/projects/assignment-11-d8684 200
[debug] [2022-07-16T16:22:07.090Z] <<< [apiv2][body] GET https://firebase.googleapis.com/v1beta1/projects/assignment-11-d8684 {"projectId":"assignment-11-d8684","projectNumber":"357495858912","displayName":"Assignment-11","name":"projects/assignment-11-d8684","resources":{"hostingSite":"assignment-11-d8684"},"state":"ACTIVE"}
[debug] [2022-07-16T16:22:07.093Z] >>> [apiv2][query] POST https://firebasehosting.googleapis.com/v1beta1/projects/357495858912/sites/assignment-11-d8684/versions [none]
[debug] [2022-07-16T16:22:07.094Z] >>> [apiv2][body] POST https://firebasehosting.googleapis.com/v1beta1/projects/357495858912/sites/assignment-11-d8684/versions {"config":{},"labels":{"deployment-tool":"cli-firebase"}}
[debug] [2022-07-16T16:22:08.790Z] <<< [apiv2][status] POST https://firebasehosting.googleapis.com/v1beta1/projects/357495858912/sites/assignment-11-d8684/versions 200
[debug] [2022-07-16T16:22:08.790Z] <<< [apiv2][body] POST https://firebasehosting.googleapis.com/v1beta1/projects/357495858912/sites/assignment-11-d8684/versions {"name":"projects/357495858912/sites/assignment-11-d8684/versions/ac9ee76fcdc79f94","status":"CREATED","config":{},"labels":{"deployment-tool":"cli-firebase"}}
[info] i  hosting[assignment-11-d8684]: beginning deploy... 
[info] i  hosting[assignment-11-d8684]: found 23 files in build 
[debug] [2022-07-16T16:22:08.811Z] [hosting] uploading with 200 concurrency
[debug] [2022-07-16T16:22:09.289Z] [hosting] hash cache [YnVpbGQ] stored for 23 files
[debug] [2022-07-16T16:22:09.289Z] [hosting][hash queue][FINAL] {"max":462,"min":7,"avg":52.04347826086956,"active":0,"complete":23,"success":23,"errored":0,"retried":0,"total":23,"elapsed":476}
[debug] [2022-07-16T16:22:09.290Z] >>> [apiv2][query] POST https://firebasehosting.googleapis.com/v1beta1/projects/357495858912/sites/assignment-11-d8684/versions/ac9ee76fcdc79f94:populateFiles [none]
[debug] [2022-07-16T16:22:09.291Z] >>> [apiv2][body] POST https://firebasehosting.googleapis.com/v1beta1/projects/357495858912/sites/assignment-11-d8684/versions/ac9ee76fcdc79f94:populateFiles {"files":{"/favicon.ico":"eae62e993eb980ec8a25058c39d5a51feab118bd2100c4deebb2a9c158ec11f9","/logo192.png":"3ee59515172ee198f3be375979df15ac5345183e656720a381b8872b2a39dc8b","/logo512.png":"ee7e2f3fdb8209c4b6fd7bef6ba50d1b9dba30a25bb5c3126df057e1cb6f5331","/manifest.json":"aff3449bdc238776f5d6d967f19ec491b36aed5fb7f23ccff6500736fd58494a","/robots.txt":"bfe106a3fb878dc83461c86818bf74fc1bdc7f28538ba613cd3e775516ce8b49","/404.html":"daa499dd96d8229e73235345702ba32f0793f0c8e5c0d30e40e37a5872be57aa","/index.html":"52d5f003149ba4690682b752fc2cad1e829a72d61893eeb030d54251db947921","/asset-manifest.json":"1c6832206297fdfeb2db53dfdc547efa1fbe56a0781c64077f779adae5052d41","/fake.json":"29abb2c6325be91e848188a37b3b481c200373a5dbb3097c634c72ac3e752102","/static/js/787.9ebdd4f8.chunk.js":"ce31e7d5acbe4af5018bfa0ef84fd0ede14776334a34c7da38cbc6681b0040c0","/static/css/main.6d607267.css":"e711a7b8e75ef1c8727b9fff9ec3613a1a7e25b16f0b3e9de99b5df834b01ea3","/static/js/main.4d9294cc.js.LICENSE.txt":"14b291763220f7feeea59c3d7470910511b34f3f1705f7f206e8fe6fb416ff6b","/static/js/787.9ebdd4f8.chunk.js.map":"a938777f2b5e7771a89d13755fa6fa6d823937a4a45415aaf038e54ad666e802","/static/media/location.6959f003c1ca50bec2ae6613a31772f9.svg":"1ad00d01937d1fe44047a888aab7d43103b35f28e1304870a0af2ad60205ca8a","/static/media/mail.8f361298a01b230bbcc18e032728d55e.svg":"64d102c1fac5a2a8b000219400f93284a776ff8a173c6ceb8ad58c69d1c06e0f","/static/media/whatsapp.164290c658dddf2e11222440b65767ae.svg":"06a66e4a4e1186c1a5cf212db0e323697df92ed025470e4911b78132196b05a3","/static/css/main.6d607267.css.map":"db586495c62a9a32acad1d8e65df0798223213ec862646b57e45c5403c22b15e","/static/media/products.91341167e2471db076a6.jpg":"3801df26f2d9153a93edf96f5b9450059136c3d2b4e5a1a9a7377aef019271e5","/static/media/phone.90d4606933e82858b8e0.jpg":"a003c271198b37eacf866ef920929d305ca4b6193383b9a4f41cd0e205d1f858","/static/media/mongos.85b27a8bacfcdb8b5e06.png":"48767ff05eb69fbfbef20d59ebe1729092d062dee7b0a53248caf7391ad4ee9d","/static/js/main.4d9294cc.js":"3126f0f70591ba1224029023aeca30a9989077c577fc4c486a217702f00e365b","/static/media/404.a4df2b20608a643393b6.gif":"b3aa7215cd575565d6fdfc2f1dd9f9934fed1c6aa2702926dd60b9c606c0b7af","/static/js/main.4d9294cc.js.map":"f5e7e737f422db91982f92535d35c80a5425031d759535948eb8f7c25fe76d21"}}
[debug] [2022-07-16T16:22:10.858Z] <<< [apiv2][status] POST https://firebasehosting.googleapis.com/v1beta1/projects/357495858912/sites/assignment-11-d8684/versions/ac9ee76fcdc79f94:populateFiles 200
[debug] [2022-07-16T16:22:10.858Z] <<< [apiv2][body] POST https://firebasehosting.googleapis.com/v1beta1/projects/357495858912/sites/assignment-11-d8684/versions/ac9ee76fcdc79f94:populateFiles {"uploadRequiredHashes":["e711a7b8e75ef1c8727b9fff9ec3613a1a7e25b16f0b3e9de99b5df834b01ea3","3126f0f70591ba1224029023aeca30a9989077c577fc4c486a217702f00e365b","1c6832206297fdfeb2db53dfdc547efa1fbe56a0781c64077f779adae5052d41","29abb2c6325be91e848188a37b3b481c200373a5dbb3097c634c72ac3e752102","f5e7e737f422db91982f92535d35c80a5425031d759535948eb8f7c25fe76d21","52d5f003149ba4690682b752fc2cad1e829a72d61893eeb030d54251db947921","daa499dd96d8229e73235345702ba32f0793f0c8e5c0d30e40e37a5872be57aa","14b291763220f7feeea59c3d7470910511b34f3f1705f7f206e8fe6fb416ff6b","db586495c62a9a32acad1d8e65df0798223213ec862646b57e45c5403c22b15e"],"uploadUrl":"https://upload-firebasehosting.googleapis.com/upload/sites/assignment-11-d8684/versions/ac9ee76fcdc79f94/files"}
[debug] [2022-07-16T16:22:10.861Z] >>> [apiv2][query] POST https://upload-firebasehosting.googleapis.com/upload/sites/assignment-11-d8684/versions/ac9ee76fcdc79f94/files/e711a7b8e75ef1c8727b9fff9ec3613a1a7e25b16f0b3e9de99b5df834b01ea3 [none]
[debug] [2022-07-16T16:22:10.861Z] >>> [apiv2][body] POST https://upload-firebasehosting.googleapis.com/upload/sites/assignment-11-d8684/versions/ac9ee76fcdc79f94/files/e711a7b8e75ef1c8727b9fff9ec3613a1a7e25b16f0b3e9de99b5df834b01ea3 [stream]
[debug] [2022-07-16T16:22:10.865Z] >>> [apiv2][query] POST https://upload-firebasehosting.googleapis.com/upload/sites/assignment-11-d8684/versions/ac9ee76fcdc79f94/files/3126f0f70591ba1224029023aeca30a9989077c577fc4c486a217702f00e365b [none]
[debug] [2022-07-16T16:22:10.865Z] >>> [apiv2][body] POST https://upload-firebasehosting.googleapis.com/upload/sites/assignment-11-d8684/versions/ac9ee76fcdc79f94/files/3126f0f70591ba1224029023aeca30a9989077c577fc4c486a217702f00e365b [stream]
[debug] [2022-07-16T16:22:10.867Z] >>> [apiv2][query] POST https://upload-firebasehosting.googleapis.com/upload/sites/assignment-11-d8684/versions/ac9ee76fcdc79f94/files/1c6832206297fdfeb2db53dfdc547efa1fbe56a0781c64077f779adae5052d41 [none]
[debug] [2022-07-16T16:22:10.868Z] >>> [apiv2][body] POST https://upload-firebasehosting.googleapis.com/upload/sites/assignment-11-d8684/versions/ac9ee76fcdc79f94/files/1c6832206297fdfeb2db53dfdc547efa1fbe56a0781c64077f779adae5052d41 [stream]
[debug] [2022-07-16T16:22:10.870Z] >>> [apiv2][query] POST https://upload-firebasehosting.googleapis.com/upload/sites/assignment-11-d8684/versions/ac9ee76fcdc79f94/files/29abb2c6325be91e848188a37b3b481c200373a5dbb3097c634c72ac3e752102 [none]
[debug] [2022-07-16T16:22:10.870Z] >>> [apiv2][body] POST https://upload-firebasehosting.googleapis.com/upload/sites/assignment-11-d8684/versions/ac9ee76fcdc79f94/files/29abb2c6325be91e848188a37b3b481c200373a5dbb3097c634c72ac3e752102 [stream]
[debug] [2022-07-16T16:22:10.874Z] >>> [apiv2][query] POST https://upload-firebasehosting.googleapis.com/upload/sites/assignment-11-d8684/versions/ac9ee76fcdc79f94/files/f5e7e737f422db91982f92535d35c80a5425031d759535948eb8f7c25fe76d21 [none]
[debug] [2022-07-16T16:22:10.874Z] >>> [apiv2][body] POST https://upload-firebasehosting.googleapis.com/upload/sites/assignment-11-d8684/versions/ac9ee76fcdc79f94/files/f5e7e737f422db91982f92535d35c80a5425031d759535948eb8f7c25fe76d21 [stream]
[debug] [2022-07-16T16:22:10.878Z] >>> [apiv2][query] POST https://upload-firebasehosting.googleapis.com/upload/sites/assignment-11-d8684/versions/ac9ee76fcdc79f94/files/52d5f003149ba4690682b752fc2cad1e829a72d61893eeb030d54251db947921 [none]
[debug] [2022-07-16T16:22:10.878Z] >>> [apiv2][body] POST https://upload-firebasehosting.googleapis.com/upload/sites/assignment-11-d8684/versions/ac9ee76fcdc79f94/files/52d5f003149ba4690682b752fc2cad1e829a72d61893eeb030d54251db947921 [stream]
[debug] [2022-07-16T16:22:10.882Z] >>> [apiv2][query] POST https://upload-firebasehosting.googleapis.com/upload/sites/assignment-11-d8684/versions/ac9ee76fcdc79f94/files/daa499dd96d8229e73235345702ba32f0793f0c8e5c0d30e40e37a5872be57aa [none]
[debug] [2022-07-16T16:22:10.882Z] >>> [apiv2][body] POST https://upload-firebasehosting.googleapis.com/upload/sites/assignment-11-d8684/versions/ac9ee76fcdc79f94/files/daa499dd96d8229e73235345702ba32f0793f0c8e5c0d30e40e37a5872be57aa [stream]
[debug] [2022-07-16T16:22:10.885Z] >>> [apiv2][query] POST https://upload-firebasehosting.googleapis.com/upload/sites/assignment-11-d8684/versions/ac9ee76fcdc79f94/files/14b291763220f7feeea59c3d7470910511b34f3f1705f7f206e8fe6fb416ff6b [none]
[debug] [2022-07-16T16:22:10.885Z] >>> [apiv2][body] POST https://upload-firebasehosting.googleapis.com/upload/sites/assignment-11-d8684/versions/ac9ee76fcdc79f94/files/14b291763220f7feeea59c3d7470910511b34f3f1705f7f206e8fe6fb416ff6b [stream]
[debug] [2022-07-16T16:22:10.889Z] >>> [apiv2][query] POST https://upload-firebasehosting.googleapis.com/upload/sites/assignment-11-d8684/versions/ac9ee76fcdc79f94/files/db586495c62a9a32acad1d8e65df0798223213ec862646b57e45c5403c22b15e [none]
[debug] [2022-07-16T16:22:10.889Z] >>> [apiv2][body] POST https://upload-firebasehosting.googleapis.com/upload/sites/assignment-11-d8684/versions/ac9ee76fcdc79f94/files/db586495c62a9a32acad1d8e65df0798223213ec862646b57e45c5403c22b15e [stream]
[debug] [2022-07-16T16:22:10.892Z] [hosting][populate queue][FINAL] {"max":1575,"min":1575,"avg":1575,"active":0,"complete":1,"success":1,"errored":0,"retried":0,"total":1,"elapsed":1606}
[debug] [2022-07-16T16:22:10.892Z] [hosting] uploads queued: 9
[debug] [2022-07-16T16:22:12.506Z] <<< [apiv2][status] POST https://upload-firebasehosting.googleapis.com/upload/sites/assignment-11-d8684/versions/ac9ee76fcdc79f94/files/daa499dd96d8229e73235345702ba32f0793f0c8e5c0d30e40e37a5872be57aa 200
[debug] [2022-07-16T16:22:12.506Z] <<< [apiv2][body] POST https://upload-firebasehosting.googleapis.com/upload/sites/assignment-11-d8684/versions/ac9ee76fcdc79f94/files/daa499dd96d8229e73235345702ba32f0793f0c8e5c0d30e40e37a5872be57aa [stream]
[debug] [2022-07-16T16:22:12.507Z] <<< [apiv2][status] POST https://upload-firebasehosting.googleapis.com/upload/sites/assignment-11-d8684/versions/ac9ee76fcdc79f94/files/e711a7b8e75ef1c8727b9fff9ec3613a1a7e25b16f0b3e9de99b5df834b01ea3 200
[debug] [2022-07-16T16:22:12.507Z] <<< [apiv2][body] POST https://upload-firebasehosting.googleapis.com/upload/sites/assignment-11-d8684/versions/ac9ee76fcdc79f94/files/e711a7b8e75ef1c8727b9fff9ec3613a1a7e25b16f0b3e9de99b5df834b01ea3 [stream]
[debug] [2022-07-16T16:22:12.659Z] <<< [apiv2][status] POST https://upload-firebasehosting.googleapis.com/upload/sites/assignment-11-d8684/versions/ac9ee76fcdc79f94/files/52d5f003149ba4690682b752fc2cad1e829a72d61893eeb030d54251db947921 200
[debug] [2022-07-16T16:22:12.660Z] <<< [apiv2][body] POST https://upload-firebasehosting.googleapis.com/upload/sites/assignment-11-d8684/versions/ac9ee76fcdc79f94/files/52d5f003149ba4690682b752fc2cad1e829a72d61893eeb030d54251db947921 [stream]
[debug] [2022-07-16T16:22:12.753Z] <<< [apiv2][status] POST https://upload-firebasehosting.googleapis.com/upload/sites/assignment-11-d8684/versions/ac9ee76fcdc79f94/files/3126f0f70591ba1224029023aeca30a9989077c577fc4c486a217702f00e365b 200
[debug] [2022-07-16T16:22:12.753Z] <<< [apiv2][body] POST https://upload-firebasehosting.googleapis.com/upload/sites/assignment-11-d8684/versions/ac9ee76fcdc79f94/files/3126f0f70591ba1224029023aeca30a9989077c577fc4c486a217702f00e365b [stream]
[debug] [2022-07-16T16:22:12.796Z] <<< [apiv2][status] POST https://upload-firebasehosting.googleapis.com/upload/sites/assignment-11-d8684/versions/ac9ee76fcdc79f94/files/14b291763220f7feeea59c3d7470910511b34f3f1705f7f206e8fe6fb416ff6b 200
[debug] [2022-07-16T16:22:12.796Z] <<< [apiv2][body] POST https://upload-firebasehosting.googleapis.com/upload/sites/assignment-11-d8684/versions/ac9ee76fcdc79f94/files/14b291763220f7feeea59c3d7470910511b34f3f1705f7f206e8fe6fb416ff6b [stream]
[debug] [2022-07-16T16:22:12.937Z] <<< [apiv2][status] POST https://upload-firebasehosting.googleapis.com/upload/sites/assignment-11-d8684/versions/ac9ee76fcdc79f94/files/1c6832206297fdfeb2db53dfdc547efa1fbe56a0781c64077f779adae5052d41 200
[debug] [2022-07-16T16:22:12.937Z] <<< [apiv2][body] POST https://upload-firebasehosting.googleapis.com/upload/sites/assignment-11-d8684/versions/ac9ee76fcdc79f94/files/1c6832206297fdfeb2db53dfdc547efa1fbe56a0781c64077f779adae5052d41 [stream]
[debug] [2022-07-16T16:22:13.189Z] <<< [apiv2][status] POST https://upload-firebasehosting.googleapis.com/upload/sites/assignment-11-d8684/versions/ac9ee76fcdc79f94/files/29abb2c6325be91e848188a37b3b481c200373a5dbb3097c634c72ac3e752102 200
[debug] [2022-07-16T16:22:13.190Z] <<< [apiv2][body] POST https://upload-firebasehosting.googleapis.com/upload/sites/assignment-11-d8684/versions/ac9ee76fcdc79f94/files/29abb2c6325be91e848188a37b3b481c200373a5dbb3097c634c72ac3e752102 [stream]
[debug] [2022-07-16T16:22:13.725Z] <<< [apiv2][status] POST https://upload-firebasehosting.googleapis.com/upload/sites/assignment-11-d8684/versions/ac9ee76fcdc79f94/files/db586495c62a9a32acad1d8e65df0798223213ec862646b57e45c5403c22b15e 200
[debug] [2022-07-16T16:22:13.725Z] <<< [apiv2][body] POST https://upload-firebasehosting.googleapis.com/upload/sites/assignment-11-d8684/versions/ac9ee76fcdc79f94/files/db586495c62a9a32acad1d8e65df0798223213ec862646b57e45c5403c22b15e [stream]
[debug] [2022-07-16T16:22:14.008Z] <<< [apiv2][status] POST https://upload-firebasehosting.googleapis.com/upload/sites/assignment-11-d8684/versions/ac9ee76fcdc79f94/files/f5e7e737f422db91982f92535d35c80a5425031d759535948eb8f7c25fe76d21 200
[debug] [2022-07-16T16:22:14.008Z] <<< [apiv2][body] POST https://upload-firebasehosting.googleapis.com/upload/sites/assignment-11-d8684/versions/ac9ee76fcdc79f94/files/f5e7e737f422db91982f92535d35c80a5425031d759535948eb8f7c25fe76d21 [stream]
[debug] [2022-07-16T16:22:14.008Z] [hosting][upload queue][FINAL] {"max":3148,"min":1646,"avg":2149.5555555555557,"active":0,"complete":9,"success":9,"errored":0,"retried":0,"total":9,"elapsed":3150}
[info] +  hosting[assignment-11-d8684]: file upload complete 
[debug] [2022-07-16T16:22:14.009Z] [hosting] deploy completed after 5218ms
[debug] [2022-07-16T16:22:14.015Z] [
  {
    "config": {
      "public": "build",
      "ignore": [
        "firebase.json",
        "**/.*",
        "**/node_modules/**"
      ],
      "site": "assignment-11-d8684"
    },
    "site": "assignment-11-d8684",
    "version": "projects/357495858912/sites/assignment-11-d8684/versions/ac9ee76fcdc79f94"
  }
]
[info] i  hosting[assignment-11-d8684]: finalizing version... 
[debug] [2022-07-16T16:22:14.016Z] >>> [apiv2][query] PATCH https://firebasehosting.googleapis.com/v1beta1/projects/357495858912/sites/assignment-11-d8684/versions/ac9ee76fcdc79f94 updateMask=status%2Cconfig
[debug] [2022-07-16T16:22:14.017Z] >>> [apiv2][body] PATCH https://firebasehosting.googleapis.com/v1beta1/projects/357495858912/sites/assignment-11-d8684/versions/ac9ee76fcdc79f94 {"status":"FINALIZED","config":{}}
[debug] [2022-07-16T16:22:15.514Z] <<< [apiv2][status] PATCH https://firebasehosting.googleapis.com/v1beta1/projects/357495858912/sites/assignment-11-d8684/versions/ac9ee76fcdc79f94 200
[debug] [2022-07-16T16:22:15.514Z] <<< [apiv2][body] PATCH https://firebasehosting.googleapis.com/v1beta1/projects/357495858912/sites/assignment-11-d8684/versions/ac9ee76fcdc79f94 {"name":"projects/357495858912/sites/assignment-11-d8684/versions/ac9ee76fcdc79f94","status":"FINALIZED","config":{},"labels":{"deployment-tool":"cli-firebase"},"createTime":"2022-07-16T16:22:11.950663Z","createUser":{"email":"mohd.yasin085208@gmail.com"},"finalizeTime":"2022-07-16T16:22:18.887211Z","finalizeUser":{"email":"mohd.yasin085208@gmail.com"}}
[debug] [2022-07-16T16:22:15.514Z] [hosting] finalized version for assignment-11-d8684:[object Object]
[info] +  hosting[assignment-11-d8684]: version finalized 
[info] i  hosting[assignment-11-d8684]: releasing new version... 
[debug] [2022-07-16T16:22:15.517Z] >>> [apiv2][query] POST https://firebasehosting.googleapis.com/v1beta1/projects/357495858912/sites/assignment-11-d8684/releases versionName=projects%2F357495858912%2Fsites%2Fassignment-11-d8684%2Fversions%2Fac9ee76fcdc79f94
[debug] [2022-07-16T16:22:15.517Z] >>> [apiv2][body] POST https://firebasehosting.googleapis.com/v1beta1/projects/357495858912/sites/assignment-11-d8684/releases {"message":null}
[debug] [2022-07-16T16:22:17.034Z] <<< [apiv2][status] POST https://firebasehosting.googleapis.com/v1beta1/projects/357495858912/sites/assignment-11-d8684/releases 200
[debug] [2022-07-16T16:22:17.034Z] <<< [apiv2][body] POST https://firebasehosting.googleapis.com/v1beta1/projects/357495858912/sites/assignment-11-d8684/releases {"name":"projects/357495858912/sites/assignment-11-d8684/releases/1657988539850786","version":{"name":"projects/357495858912/sites/assignment-11-d8684/versions/ac9ee76fcdc79f94","status":"FINALIZED","config":{},"labels":{"deployment-tool":"cli-firebase"},"createTime":"2022-07-16T16:22:11.950663Z","createUser":{"email":"mohd.yasin085208@gmail.com","imageUrl":"https://lh3.googleusercontent.com/a-/AFdZucpMS15FFIGOMn9DOwCzhSmiA3FOi7FLUdIDlf1a"},"finalizeTime":"2022-07-16T16:22:18.887211Z","finalizeUser":{"email":"mohd.yasin085208@gmail.com","imageUrl":"https://lh3.googleusercontent.com/a-/AFdZucpMS15FFIGOMn9DOwCzhSmiA3FOi7FLUdIDlf1a"}},"type":"DEPLOY","releaseTime":"2022-07-16T16:22:19.850786586Z","releaseUser":{"email":"mohd.yasin085208@gmail.com","imageUrl":"https://lh3.googleusercontent.com/a-/AFdZucpMS15FFIGOMn9DOwCzhSmiA3FOi7FLUdIDlf1a"}}
[debug] [2022-07-16T16:22:17.034Z] [hosting] release: {"name":"projects/357495858912/sites/assignment-11-d8684/releases/1657988539850786","version":{"name":"projects/357495858912/sites/assignment-11-d8684/versions/ac9ee76fcdc79f94","status":"FINALIZED","config":{},"labels":{"deployment-tool":"cli-firebase"},"createTime":"2022-07-16T16:22:11.950663Z","createUser":{"email":"mohd.yasin085208@gmail.com","imageUrl":"https://lh3.googleusercontent.com/a-/AFdZucpMS15FFIGOMn9DOwCzhSmiA3FOi7FLUdIDlf1a"},"finalizeTime":"2022-07-16T16:22:18.887211Z","finalizeUser":{"email":"mohd.yasin085208@gmail.com","imageUrl":"https://lh3.googleusercontent.com/a-/AFdZucpMS15FFIGOMn9DOwCzhSmiA3FOi7FLUdIDlf1a"}},"type":"DEPLOY","releaseTime":"2022-07-16T16:22:19.850786586Z","releaseUser":{"email":"mohd.yasin085208@gmail.com","imageUrl":"https://lh3.googleusercontent.com/a-/AFdZucpMS15FFIGOMn9DOwCzhSmiA3FOi7FLUdIDlf1a"}}
[info] +  hosting[assignment-11-d8684]: release complete 
[info] 
[info] +  Deploy complete! 
[info] 
[info] Project Console: https://console.firebase.google.com/project/assignment-11-d8684/overview
[info] Hosting URL: https://assignment-11-d8684.web.app
